Flow report for ControlViaPuertoSerie
Mon Mar 06 19:52:44 2023
Quartus II 64-Bit Version 13.0.1 Build 232 06/12/2013 Service Pack 1 SJ Web Edition


---------------------
; Table of Contents ;
---------------------
  1. Legal Notice
  2. Flow Summary
  3. Flow Settings
  4. Flow Non-Default Global Settings
  5. Flow Elapsed Time
  6. Flow OS Summary
  7. Flow Log
  8. Flow Messages
  9. Flow Suppressed Messages



----------------
; Legal Notice ;
----------------
Copyright (C) 1991-2013 Altera Corporation
Your use of Altera Corporation's design tools, logic functions 
and other software and tools, and its AMPP partner logic 
functions, and any output files from any of the foregoing 
(including device programming or simulation files), and any 
associated documentation or information are expressly subject 
to the terms and conditions of the Altera Program License 
Subscription Agreement, Altera MegaCore Function License 
Agreement, or other applicable license agreement, including, 
without limitation, that your use is for the sole purpose of 
programming logic devices manufactured by Altera and sold by 
Altera or its authorized distributors.  Please refer to the 
applicable agreement for further details.



+--------------------------------------------------------------------------------------+
; Flow Summary                                                                         ;
+------------------------------------+-------------------------------------------------+
; Flow Status                        ; Successful - Mon Mar 06 19:52:44 2023           ;
; Quartus II 64-Bit Version          ; 13.0.1 Build 232 06/12/2013 SP 1 SJ Web Edition ;
; Revision Name                      ; ControlViaPuertoSerie                           ;
; Top-level Entity Name              ; BloquesPruebaControl                            ;
; Family                             ; Cyclone III                                     ;
; Device                             ; EP3C16F484C6                                    ;
; Timing Models                      ; Final                                           ;
; Total logic elements               ; 78 / 15,408 ( < 1 % )                           ;
;     Total combinational functions  ; 75 / 15,408 ( < 1 % )                           ;
;     Dedicated logic registers      ; 52 / 15,408 ( < 1 % )                           ;
; Total registers                    ; 52                                              ;
; Total pins                         ; 12 / 347 ( 3 % )                                ;
; Total virtual pins                 ; 0                                               ;
; Total memory bits                  ; 0 / 516,096 ( 0 % )                             ;
; Embedded Multiplier 9-bit elements ; 0 / 112 ( 0 % )                                 ;
; Total PLLs                         ; 1 / 4 ( 25 % )                                  ;
+------------------------------------+-------------------------------------------------+


+-------------------------------------------+
; Flow Settings                             ;
+-------------------+-----------------------+
; Option            ; Setting               ;
+-------------------+-----------------------+
; Start date & time ; 03/06/2023 19:52:30   ;
; Main task         ; Compilation           ;
; Revision Name     ; ControlViaPuertoSerie ;
+-------------------+-----------------------+


+-----------------------------------------------------------------------------------------------------------------------------------------------+
; Flow Non-Default Global Settings                                                                                                              ;
+-------------------------------------+-----------------------------------------+-----------------------+----------------------+----------------+
; Assignment Name                     ; Value                                   ; Default Value         ; Entity Name          ; Section Id     ;
+-------------------------------------+-----------------------------------------+-----------------------+----------------------+----------------+
; COMPILER_SIGNATURE_ID               ; 255543642443186.167812875018848         ; --                    ; --                   ; --             ;
; EDA_OUTPUT_DATA_FORMAT              ; Vhdl                                    ; --                    ; --                   ; eda_simulation ;
; EDA_SIMULATION_TOOL                 ; ModelSim-Altera (VHDL)                  ; <None>                ; --                   ; --             ;
; IP_TOOL_ENV                         ; mwpim                                   ; --                    ; PLL_1dot8432MHz      ; --             ;
; IP_TOOL_ENV                         ; mwpim                                   ; --                    ; PLL_1dot8432MHz      ; --             ;
; IP_TOOL_ENV                         ; mwpim                                   ; --                    ; PLL_1dot8432MHz_0002 ; --             ;
; IP_TOOL_NAME                        ; ALTPLL                                  ; --                    ; --                   ; --             ;
; IP_TOOL_NAME                        ; altera_pll                              ; --                    ; PLL_1dot8432MHz      ; --             ;
; IP_TOOL_NAME                        ; altera_pll                              ; --                    ; PLL_1dot8432MHz      ; --             ;
; IP_TOOL_NAME                        ; altera_pll                              ; --                    ; PLL_1dot8432MHz_0002 ; --             ;
; IP_TOOL_VERSION                     ; 13.0                                    ; --                    ; --                   ; --             ;
; IP_TOOL_VERSION                     ; 13.0sp1                                 ; --                    ; PLL_1dot8432MHz      ; --             ;
; IP_TOOL_VERSION                     ; 13.0sp1                                 ; --                    ; PLL_1dot8432MHz      ; --             ;
; IP_TOOL_VERSION                     ; 13.0                                    ; --                    ; PLL_1dot8432MHz_0002 ; --             ;
; MAX_CORE_JUNCTION_TEMP              ; 85                                      ; --                    ; --                   ; --             ;
; MIN_CORE_JUNCTION_TEMP              ; 0                                       ; --                    ; --                   ; --             ;
; MISC_FILE                           ; PLL_1dot8432MHz.cmp                     ; --                    ; --                   ; --             ;
; MISC_FILE                           ; PLL_1dot8432MHz_sim/PLL_1dot8432MHz.vho ; --                    ; --                   ; --             ;
; MISC_FILE                           ; PLL.bsf                                 ; --                    ; --                   ; --             ;
; MISC_FILE                           ; PLL.cmp                                 ; --                    ; --                   ; --             ;
; MISC_FILE                           ; PLL.ppf                                 ; --                    ; --                   ; --             ;
; PARTITION_COLOR                     ; 16764057                                ; --                    ; BloquesPruebaControl ; Top            ;
; PARTITION_FITTER_PRESERVATION_LEVEL ; PLACEMENT_AND_ROUTING                   ; --                    ; BloquesPruebaControl ; Top            ;
; PARTITION_NETLIST_TYPE              ; SOURCE                                  ; --                    ; BloquesPruebaControl ; Top            ;
; PROJECT_OUTPUT_DIRECTORY            ; output_files                            ; --                    ; --                   ; --             ;
; SPD_FILE                            ; PLL_1dot8432MHz.spd                     ; --                    ; --                   ; --             ;
; SYNTHESIS_ONLY_QIP                  ; On                                      ; --                    ; --                   ; --             ;
; TOP_LEVEL_ENTITY                    ; BloquesPruebaControl                    ; ControlViaPuertoSerie ; --                   ; --             ;
+-------------------------------------+-----------------------------------------+-----------------------+----------------------+----------------+


+-------------------------------------------------------------------------------------------------------------------------------+
; Flow Elapsed Time                                                                                                             ;
+---------------------------+--------------+-------------------------+---------------------+------------------------------------+
; Module Name               ; Elapsed Time ; Average Processors Used ; Peak Virtual Memory ; Total CPU Time (on all processors) ;
+---------------------------+--------------+-------------------------+---------------------+------------------------------------+
; Analysis & Synthesis      ; 00:00:02     ; 1.0                     ; 4635 MB             ; 00:00:01                           ;
; Fitter                    ; 00:00:05     ; 1.0                     ; 4903 MB             ; 00:00:03                           ;
; Assembler                 ; 00:00:02     ; 1.0                     ; 4540 MB             ; 00:00:00                           ;
; TimeQuest Timing Analyzer ; 00:00:02     ; 1.0                     ; 4592 MB             ; 00:00:01                           ;
; EDA Netlist Writer        ; 00:00:01     ; 1.0                     ; 4501 MB             ; 00:00:00                           ;
; Total                     ; 00:00:12     ; --                      ; --                  ; 00:00:05                           ;
+---------------------------+--------------+-------------------------+---------------------+------------------------------------+


+----------------------------------------------------------------------------------------+
; Flow OS Summary                                                                        ;
+---------------------------+------------------+-----------+------------+----------------+
; Module Name               ; Machine Hostname ; OS Name   ; OS Version ; Processor type ;
+---------------------------+------------------+-----------+------------+----------------+
; Analysis & Synthesis      ; PCLUISDIAZ       ; Windows 7 ; 6.2        ; x86_64         ;
; Fitter                    ; PCLUISDIAZ       ; Windows 7 ; 6.2        ; x86_64         ;
; Assembler                 ; PCLUISDIAZ       ; Windows 7 ; 6.2        ; x86_64         ;
; TimeQuest Timing Analyzer ; PCLUISDIAZ       ; Windows 7 ; 6.2        ; x86_64         ;
; EDA Netlist Writer        ; PCLUISDIAZ       ; Windows 7 ; 6.2        ; x86_64         ;
+---------------------------+------------------+-----------+------------+----------------+


------------
; Flow Log ;
------------
quartus_map --read_settings_files=on --write_settings_files=off ControlViaPuertoSerie -c ControlViaPuertoSerie
quartus_fit --read_settings_files=off --write_settings_files=off ControlViaPuertoSerie -c ControlViaPuertoSerie
quartus_asm --read_settings_files=off --write_settings_files=off ControlViaPuertoSerie -c ControlViaPuertoSerie
quartus_sta ControlViaPuertoSerie -c ControlViaPuertoSerie
quartus_eda --read_settings_files=off --write_settings_files=off ControlViaPuertoSerie -c ControlViaPuertoSerie



